# JRE version: Java(TM) SE Runtime Environment (21.0.1+12) (build 21.0.1+12-LTS-29)
# Java VM: Java HotSpot(TM) 64-Bit Server VM (21.0.1+12-LTS-29, mixed mode, emulated-client, sharing, tiered, compressed oops, compressed class ptrs, g1 gc, windows-amd64)
GC Precious Log:
 CardTable entry size: 512
 Card Set container configuration: InlinePtr #cards 4 size 8 Array Of Cards #cards 16 size 48 Howl #buckets 8 coarsen threshold 3686 Howl Bitmap #cards 512 size 80 coarsen threshold 460 Card regions per heap region 1 cards per card region 4096
 CPUs: 20 total, 20 available
 Memory: 16003M
 Large Page Support: Disabled
 NUMA Support: Disabled
 Compressed Oops: Enabled (Zero based)
 Heap Region Size: 2M
 Heap Min Capacity: 8M
 Heap Initial Capacity: 252M
 Heap Max Capacity: 4002M
 Pre-touch: Disabled
 Parallel Workers: 15
 Concurrent Workers: 4
 Concurrent Refinement Workers: 15
 Periodic GC: Disabled
Heap:
 garbage-first heap   total 172032K, used 134743K [0x0000000705e00000, 0x0000000800000000)
  region size 2048K, 37 young (75776K), 2 survivors (4096K)
 Metaspace       used 55105K, committed 56768K, reserved 1114112K
  class space    used 7750K, committed 8576K, reserved 1048576K
GC Heap History (20 events):
Event: 0.906 GC heap before
{Heap before GC invocations=4 (full 0):
 garbage-first heap   total 63488K, used 36920K [0x0000000705e00000, 0x0000000800000000)
  region size 2048K, 10 young (20480K), 3 survivors (6144K)
 Metaspace       used 5366K, committed 5632K, reserved 1114112K
  class space    used 637K, committed 768K, reserved 1048576K
}
Event: 0.912 GC heap after
{Heap after GC invocations=5 (full 0):
 garbage-first heap   total 63488K, used 27833K [0x0000000705e00000, 0x0000000800000000)
  region size 2048K, 2 young (4096K), 2 survivors (4096K)
 Metaspace       used 5366K, committed 5632K, reserved 1114112K
  class space    used 637K, committed 768K, reserved 1048576K
}
Event: 1.067 GC heap before
{Heap before GC invocations=5 (full 0):
 garbage-first heap   total 63488K, used 42169K [0x0000000705e00000, 0x0000000800000000)
  region size 2048K, 9 young (18432K), 2 survivors (4096K)
 Metaspace       used 6673K, committed 7040K, reserved 1114112K
  class space    used 843K, committed 1024K, reserved 1048576K
}
Event: 1.070 GC heap after
{Heap after GC invocations=6 (full 0):
 garbage-first heap   total 161792K, used 30317K [0x0000000705e00000, 0x0000000800000000)
  region size 2048K, 1 young (2048K), 1 survivors (2048K)
 Metaspace       used 6673K, committed 7040K, reserved 1114112K
  class space    used 843K, committed 1024K, reserved 1048576K
}
Event: 1.751 GC heap before
{Heap before GC invocations=6 (full 0):
 garbage-first heap   total 161792K, used 106093K [0x0000000705e00000, 0x0000000800000000)
  region size 2048K, 39 young (79872K), 1 survivors (2048K)
 Metaspace       used 16054K, committed 16512K, reserved 1114112K
  class space    used 2216K, committed 2432K, reserved 1048576K
}
Event: 1.758 GC heap after
{Heap after GC invocations=7 (full 0):
 garbage-first heap   total 161792K, used 35653K [0x0000000705e00000, 0x0000000800000000)
  region size 2048K, 4 young (8192K), 4 survivors (8192K)
 Metaspace       used 16054K, committed 16512K, reserved 1114112K
  class space    used 2216K, committed 2432K, reserved 1048576K
}
Event: 1.776 GC heap before
{Heap before GC invocations=7 (full 0):
 garbage-first heap   total 161792K, used 39749K [0x0000000705e00000, 0x0000000800000000)
  region size 2048K, 8 young (16384K), 4 survivors (8192K)
 Metaspace       used 16357K, committed 16960K, reserved 1114112K
  class space    used 2272K, committed 2560K, reserved 1048576K
}
Event: 1.780 GC heap after
{Heap after GC invocations=8 (full 0):
 garbage-first heap   total 161792K, used 37122K [0x0000000705e00000, 0x0000000800000000)
  region size 2048K, 4 young (8192K), 4 survivors (8192K)
 Metaspace       used 16357K, committed 16960K, reserved 1114112K
  class space    used 2272K, committed 2560K, reserved 1048576K
}
Event: 2.114 GC heap before
{Heap before GC invocations=9 (full 0):
 garbage-first heap   total 143360K, used 112898K [0x0000000705e00000, 0x0000000800000000)
  region size 2048K, 42 young (86016K), 4 survivors (8192K)
 Metaspace       used 23351K, committed 24384K, reserved 1114112K
  class space    used 3217K, committed 3712K, reserved 1048576K
}
Event: 2.120 GC heap after
{Heap after GC invocations=10 (full 0):
 garbage-first heap   total 143360K, used 41649K [0x0000000705e00000, 0x0000000800000000)
  region size 2048K, 4 young (8192K), 4 survivors (8192K)
 Metaspace       used 23351K, committed 24384K, reserved 1114112K
  class space    used 3217K, committed 3712K, reserved 1048576K
}
Event: 2.370 GC heap before
{Heap before GC invocations=10 (full 0):
 garbage-first heap   total 143360K, used 105137K [0x0000000705e00000, 0x0000000800000000)
  region size 2048K, 37 young (75776K), 4 survivors (8192K)
 Metaspace       used 27591K, committed 28800K, reserved 1114112K
  class space    used 3885K, committed 4480K, reserved 1048576K
}
Event: 2.376 GC heap after
{Heap after GC invocations=11 (full 0):
 garbage-first heap   total 143360K, used 43322K [0x0000000705e00000, 0x0000000800000000)
  region size 2048K, 3 young (6144K), 3 survivors (6144K)
 Metaspace       used 27591K, committed 28800K, reserved 1114112K
  class space    used 3885K, committed 4480K, reserved 1048576K
}
Event: 2.395 GC heap before
{Heap before GC invocations=11 (full 0):
 garbage-first heap   total 143360K, used 49466K [0x0000000705e00000, 0x0000000800000000)
  region size 2048K, 7 young (14336K), 3 survivors (6144K)
 Metaspace       used 27905K, committed 29120K, reserved 1114112K
  class space    used 3952K, committed 4544K, reserved 1048576K
}
Event: 2.397 GC heap after
{Heap after GC invocations=12 (full 0):
 garbage-first heap   total 143360K, used 43213K [0x0000000705e00000, 0x0000000800000000)
  region size 2048K, 3 young (6144K), 3 survivors (6144K)
 Metaspace       used 27905K, committed 29120K, reserved 1114112K
  class space    used 3952K, committed 4544K, reserved 1048576K
}
Event: 2.642 GC heap before
{Heap before GC invocations=13 (full 0):
 garbage-first heap   total 143360K, used 118989K [0x0000000705e00000, 0x0000000800000000)
  region size 2048K, 41 young (83968K), 3 survivors (6144K)
 Metaspace       used 31711K, committed 32960K, reserved 1114112K
  class space    used 4629K, committed 5248K, reserved 1048576K
}
Event: 2.646 GC heap after
{Heap after GC invocations=14 (full 0):
 garbage-first heap   total 172032K, used 45792K [0x0000000705e00000, 0x0000000800000000)
  region size 2048K, 4 young (8192K), 4 survivors (8192K)
 Metaspace       used 31711K, committed 32960K, reserved 1114112K
  class space    used 4629K, committed 5248K, reserved 1048576K
}
Event: 3.207 GC heap before
{Heap before GC invocations=14 (full 0):
 garbage-first heap   total 172032K, used 140000K [0x0000000705e00000, 0x0000000800000000)
  region size 2048K, 50 young (102400K), 4 survivors (8192K)
 Metaspace       used 39469K, committed 41024K, reserved 1114112K
  class space    used 5760K, committed 6528K, reserved 1048576K
}
Event: 3.217 GC heap after
{Heap after GC invocations=15 (full 0):
 garbage-first heap   total 172032K, used 54756K [0x0000000705e00000, 0x0000000800000000)
  region size 2048K, 7 young (14336K), 7 survivors (14336K)
 Metaspace       used 39469K, committed 41024K, reserved 1114112K
  class space    used 5760K, committed 6528K, reserved 1048576K
}
Event: 3.927 GC heap before
{Heap before GC invocations=15 (full 0):
 garbage-first heap   total 172032K, used 101860K [0x0000000705e00000, 0x0000000800000000)
  region size 2048K, 32 young (65536K), 7 survivors (14336K)
 Metaspace       used 47754K, committed 49216K, reserved 1114112K
  class space    used 6815K, committed 7552K, reserved 1048576K
}
Event: 3.938 GC heap after
{Heap after GC invocations=16 (full 0):
 garbage-first heap   total 172032K, used 58967K [0x0000000705e00000, 0x0000000800000000)
  region size 2048K, 2 young (4096K), 2 survivors (4096K)
 Metaspace       used 47754K, committed 49216K, reserved 1114112K
  class space    used 6815K, committed 7552K, reserved 1048576K
}

