# JRE version: Java(TM) SE Runtime Environment (21.0.1+12) (build 21.0.1+12-LTS-29)
# Java VM: Java HotSpot(TM) 64-Bit Server VM (21.0.1+12-LTS-29, mixed mode, emulated-client, sharing, tiered, compressed oops, compressed class ptrs, g1 gc, windows-amd64)
GC Precious Log:
 CardTable entry size: 512
 Card Set container configuration: InlinePtr #cards 4 size 8 Array Of Cards #cards 16 size 48 Howl #buckets 8 coarsen threshold 3686 Howl Bitmap #cards 512 size 80 coarsen threshold 460 Card regions per heap region 1 cards per card region 4096
 CPUs: 20 total, 20 available
 Memory: 16003M
 Large Page Support: Disabled
 NUMA Support: Disabled
 Compressed Oops: Enabled (Zero based)
 Heap Region Size: 2M
 Heap Min Capacity: 8M
 Heap Initial Capacity: 252M
 Heap Max Capacity: 4002M
 Pre-touch: Disabled
 Parallel Workers: 15
 Concurrent Workers: 4
 Concurrent Refinement Workers: 15
 Periodic GC: Disabled
Heap:
 garbage-first heap   total 212992K, used 62500K [0x0000000705e00000, 0x0000000800000000)
  region size 2048K, 9 young (18432K), 3 survivors (6144K)
 Metaspace       used 53473K, committed 56960K, reserved 1114112K
  class space    used 7313K, committed 8576K, reserved 1048576K
GC Heap History (20 events):
Event: 2.611 GC heap before
{Heap before GC invocations=11 (full 0):
 garbage-first heap   total 137216K, used 105554K [0x0000000705e00000, 0x0000000800000000)
  region size 2048K, 35 young (71680K), 3 survivors (6144K)
 Metaspace       used 34535K, committed 36160K, reserved 1114112K
  class space    used 5143K, committed 5952K, reserved 1048576K
}
Event: 2.614 GC heap after
{Heap after GC invocations=12 (full 0):
 garbage-first heap   total 165888K, used 47187K [0x0000000705e00000, 0x0000000800000000)
  region size 2048K, 4 young (8192K), 4 survivors (8192K)
 Metaspace       used 34535K, committed 36160K, reserved 1114112K
  class space    used 5143K, committed 5952K, reserved 1048576K
}
Event: 3.224 GC heap before
{Heap before GC invocations=13 (full 0):
 garbage-first heap   total 165888K, used 137299K [0x0000000705e00000, 0x0000000800000000)
  region size 2048K, 48 young (98304K), 4 survivors (8192K)
 Metaspace       used 43065K, committed 44608K, reserved 1114112K
  class space    used 6204K, committed 6976K, reserved 1048576K
}
Event: 3.231 GC heap after
{Heap after GC invocations=14 (full 0):
 garbage-first heap   total 165888K, used 55664K [0x0000000705e00000, 0x0000000800000000)
  region size 2048K, 6 young (12288K), 6 survivors (12288K)
 Metaspace       used 43065K, committed 44608K, reserved 1114112K
  class space    used 6204K, committed 6976K, reserved 1048576K
}
Event: 218.482 GC heap before
{Heap before GC invocations=14 (full 0):
 garbage-first heap   total 165888K, used 145776K [0x0000000705e00000, 0x0000000800000000)
  region size 2048K, 47 young (96256K), 6 survivors (12288K)
 Metaspace       used 55264K, committed 56896K, reserved 1114112K
  class space    used 7767K, committed 8576K, reserved 1048576K
}
Event: 218.491 GC heap after
{Heap after GC invocations=15 (full 0):
 garbage-first heap   total 169984K, used 60445K [0x0000000705e00000, 0x0000000800000000)
  region size 2048K, 3 young (6144K), 3 survivors (6144K)
 Metaspace       used 55264K, committed 56896K, reserved 1114112K
  class space    used 7767K, committed 8576K, reserved 1048576K
}
Event: 218.511 GC heap before
{Heap before GC invocations=15 (full 0):
 garbage-first heap   total 169984K, used 60445K [0x0000000705e00000, 0x0000000800000000)
  region size 2048K, 4 young (8192K), 3 survivors (6144K)
 Metaspace       used 55264K, committed 56896K, reserved 1114112K
  class space    used 7767K, committed 8576K, reserved 1048576K
}
Event: 218.515 GC heap after
{Heap after GC invocations=16 (full 0):
 garbage-first heap   total 169984K, used 59853K [0x0000000705e00000, 0x0000000800000000)
  region size 2048K, 3 young (6144K), 3 survivors (6144K)
 Metaspace       used 55264K, committed 56896K, reserved 1114112K
  class space    used 7767K, committed 8576K, reserved 1048576K
}
Event: 817.090 GC heap before
{Heap before GC invocations=17 (full 0):
 garbage-first heap   total 169984K, used 154061K [0x0000000705e00000, 0x0000000800000000)
  region size 2048K, 46 young (94208K), 3 survivors (6144K)
 Metaspace       used 53152K, committed 56896K, reserved 1114112K
  class space    used 7257K, committed 8576K, reserved 1048576K
}
Event: 817.095 GC heap after
{Heap after GC invocations=18 (full 0):
 garbage-first heap   total 169984K, used 60746K [0x0000000705e00000, 0x0000000800000000)
  region size 2048K, 3 young (6144K), 3 survivors (6144K)
 Metaspace       used 53152K, committed 56896K, reserved 1114112K
  class space    used 7257K, committed 8576K, reserved 1048576K
}
Event: 1386.831 GC heap before
{Heap before GC invocations=18 (full 0):
 garbage-first heap   total 169984K, used 157002K [0x0000000705e00000, 0x0000000800000000)
  region size 2048K, 47 young (96256K), 3 survivors (6144K)
 Metaspace       used 53154K, committed 56896K, reserved 1114112K
  class space    used 7257K, committed 8576K, reserved 1048576K
}
Event: 1386.849 GC heap after
{Heap after GC invocations=19 (full 0):
 garbage-first heap   total 174080K, used 49569K [0x0000000705e00000, 0x0000000800000000)
  region size 2048K, 3 young (6144K), 3 survivors (6144K)
 Metaspace       used 53154K, committed 56896K, reserved 1114112K
  class space    used 7257K, committed 8576K, reserved 1048576K
}
Event: 1392.496 GC heap before
{Heap before GC invocations=19 (full 0):
 garbage-first heap   total 174080K, used 74145K [0x0000000705e00000, 0x0000000800000000)
  region size 2048K, 17 young (34816K), 3 survivors (6144K)
 Metaspace       used 53154K, committed 56896K, reserved 1114112K
  class space    used 7257K, committed 8576K, reserved 1048576K
}
Event: 1392.516 GC heap after
{Heap after GC invocations=20 (full 0):
 garbage-first heap   total 174080K, used 48995K [0x0000000705e00000, 0x0000000800000000)
  region size 2048K, 3 young (6144K), 3 survivors (6144K)
 Metaspace       used 53154K, committed 56896K, reserved 1114112K
  class space    used 7257K, committed 8576K, reserved 1048576K
}
Event: 1550.842 GC heap before
{Heap before GC invocations=21 (full 0):
 garbage-first heap   total 174080K, used 165731K [0x0000000705e00000, 0x0000000800000000)
  region size 2048K, 51 young (104448K), 3 survivors (6144K)
 Metaspace       used 53167K, committed 56896K, reserved 1114112K
  class space    used 7260K, committed 8576K, reserved 1048576K
}
Event: 1550.849 GC heap after
{Heap after GC invocations=22 (full 0):
 garbage-first heap   total 212992K, used 49284K [0x0000000705e00000, 0x0000000800000000)
  region size 2048K, 3 young (6144K), 3 survivors (6144K)
 Metaspace       used 53167K, committed 56896K, reserved 1114112K
  class space    used 7260K, committed 8576K, reserved 1048576K
}
Event: 1565.011 GC heap before
{Heap before GC invocations=22 (full 0):
 garbage-first heap   total 212992K, used 192644K [0x0000000705e00000, 0x0000000800000000)
  region size 2048K, 62 young (126976K), 3 survivors (6144K)
 Metaspace       used 53169K, committed 56960K, reserved 1114112K
  class space    used 7261K, committed 8576K, reserved 1048576K
}
Event: 1565.022 GC heap after
{Heap after GC invocations=23 (full 0):
 garbage-first heap   total 212992K, used 47925K [0x0000000705e00000, 0x0000000800000000)
  region size 2048K, 3 young (6144K), 3 survivors (6144K)
 Metaspace       used 53169K, committed 56960K, reserved 1114112K
  class space    used 7261K, committed 8576K, reserved 1048576K
}
Event: 3613.780 GC heap before
{Heap before GC invocations=23 (full 0):
 garbage-first heap   total 212992K, used 123701K [0x0000000705e00000, 0x0000000800000000)
  region size 2048K, 42 young (86016K), 3 survivors (6144K)
 Metaspace       used 53473K, committed 56960K, reserved 1114112K
  class space    used 7313K, committed 8576K, reserved 1048576K
}
Event: 3613.859 GC heap after
{Heap after GC invocations=24 (full 0):
 garbage-first heap   total 212992K, used 48752K [0x0000000705e00000, 0x0000000800000000)
  region size 2048K, 3 young (6144K), 3 survivors (6144K)
 Metaspace       used 53473K, committed 56960K, reserved 1114112K
  class space    used 7313K, committed 8576K, reserved 1048576K
}

