# JRE version: Java(TM) SE Runtime Environment (21.0.1+12) (build 21.0.1+12-LTS-29)
# Java VM: Java HotSpot(TM) 64-Bit Server VM (21.0.1+12-LTS-29, mixed mode, emulated-client, sharing, tiered, compressed oops, compressed class ptrs, g1 gc, windows-amd64)
GC Precious Log:
 CardTable entry size: 512
 Card Set container configuration: InlinePtr #cards 4 size 8 Array Of Cards #cards 16 size 48 Howl #buckets 8 coarsen threshold 3686 Howl Bitmap #cards 512 size 80 coarsen threshold 460 Card regions per heap region 1 cards per card region 4096
 CPUs: 20 total, 20 available
 Memory: 16003M
 Large Page Support: Disabled
 NUMA Support: Disabled
 Compressed Oops: Enabled (Zero based)
 Heap Region Size: 2M
 Heap Min Capacity: 8M
 Heap Initial Capacity: 252M
 Heap Max Capacity: 4002M
 Pre-touch: Disabled
 Parallel Workers: 15
 Concurrent Workers: 4
 Concurrent Refinement Workers: 15
 Periodic GC: Disabled
Heap:
 garbage-first heap   total 182272K, used 163644K [0x0000000705e00000, 0x0000000800000000)
  region size 2048K, 46 young (94208K), 3 survivors (6144K)
 Metaspace       used 53421K, committed 57152K, reserved 1114112K
  class space    used 7305K, committed 8576K, reserved 1048576K
GC Heap History (20 events):
Event: 2.615 GC heap before
{Heap before GC invocations=13 (full 0):
 garbage-first heap   total 135168K, used 106697K [0x0000000705e00000, 0x0000000800000000)
  region size 2048K, 33 young (67584K), 3 survivors (6144K)
 Metaspace       used 28402K, committed 29696K, reserved 1114112K
  class space    used 4064K, committed 4672K, reserved 1048576K
}
Event: 2.620 GC heap after
{Heap after GC invocations=14 (full 0):
 garbage-first heap   total 135168K, used 49329K [0x0000000705e00000, 0x0000000800000000)
  region size 2048K, 5 young (10240K), 5 survivors (10240K)
 Metaspace       used 28402K, committed 29696K, reserved 1114112K
  class space    used 4064K, committed 4672K, reserved 1048576K
}
Event: 2.785 GC heap before
{Heap before GC invocations=14 (full 0):
 garbage-first heap   total 135168K, used 110769K [0x0000000705e00000, 0x0000000800000000)
  region size 2048K, 36 young (73728K), 5 survivors (10240K)
 Metaspace       used 31147K, committed 32512K, reserved 1114112K
  class space    used 4586K, committed 5248K, reserved 1048576K
}
Event: 2.790 GC heap after
{Heap after GC invocations=15 (full 0):
 garbage-first heap   total 135168K, used 51453K [0x0000000705e00000, 0x0000000800000000)
  region size 2048K, 4 young (8192K), 4 survivors (8192K)
 Metaspace       used 31147K, committed 32512K, reserved 1114112K
  class space    used 4586K, committed 5248K, reserved 1048576K
}
Event: 3.602 GC heap before
{Heap before GC invocations=15 (full 0):
 garbage-first heap   total 135168K, used 86269K [0x0000000705e00000, 0x0000000800000000)
  region size 2048K, 23 young (47104K), 4 survivors (8192K)
 Metaspace       used 34596K, committed 36160K, reserved 1114112K
  class space    used 5135K, committed 5888K, reserved 1048576K
}
Event: 3.612 GC heap after
{Heap after GC invocations=16 (full 0):
 garbage-first heap   total 135168K, used 55017K [0x0000000705e00000, 0x0000000800000000)
  region size 2048K, 3 young (6144K), 3 survivors (6144K)
 Metaspace       used 34596K, committed 36160K, reserved 1114112K
  class space    used 5135K, committed 5888K, reserved 1048576K
}
Event: 4.529 GC heap before
{Heap before GC invocations=17 (full 0):
 garbage-first heap   total 135168K, used 116457K [0x0000000705e00000, 0x0000000800000000)
  region size 2048K, 33 young (67584K), 3 survivors (6144K)
 Metaspace       used 37649K, committed 39232K, reserved 1114112K
  class space    used 5525K, committed 6272K, reserved 1048576K
}
Event: 4.539 GC heap after
{Heap after GC invocations=18 (full 0):
 garbage-first heap   total 163840K, used 62536K [0x0000000705e00000, 0x0000000800000000)
  region size 2048K, 5 young (10240K), 5 survivors (10240K)
 Metaspace       used 37649K, committed 39232K, reserved 1114112K
  class space    used 5525K, committed 6272K, reserved 1048576K
}
Event: 12.857 GC heap before
{Heap before GC invocations=18 (full 0):
 garbage-first heap   total 163840K, used 138312K [0x0000000705e00000, 0x0000000800000000)
  region size 2048K, 43 young (88064K), 5 survivors (10240K)
 Metaspace       used 52294K, committed 53824K, reserved 1114112K
  class space    used 7405K, committed 8128K, reserved 1048576K
}
Event: 12.866 GC heap after
{Heap after GC invocations=19 (full 0):
 garbage-first heap   total 163840K, used 63083K [0x0000000705e00000, 0x0000000800000000)
  region size 2048K, 5 young (10240K), 5 survivors (10240K)
 Metaspace       used 52294K, committed 53824K, reserved 1114112K
  class space    used 7405K, committed 8128K, reserved 1048576K
}
Event: 16.100 GC heap before
{Heap before GC invocations=19 (full 0):
 garbage-first heap   total 163840K, used 85611K [0x0000000705e00000, 0x0000000800000000)
  region size 2048K, 18 young (36864K), 5 survivors (10240K)
 Metaspace       used 54363K, committed 56000K, reserved 1114112K
  class space    used 7647K, committed 8448K, reserved 1048576K
}
Event: 16.109 GC heap after
{Heap after GC invocations=20 (full 0):
 garbage-first heap   total 163840K, used 64968K [0x0000000705e00000, 0x0000000800000000)
  region size 2048K, 3 young (6144K), 3 survivors (6144K)
 Metaspace       used 54363K, committed 56000K, reserved 1114112K
  class space    used 7647K, committed 8448K, reserved 1048576K
}
Event: 25.878 GC heap before
{Heap before GC invocations=21 (full 0):
 garbage-first heap   total 163840K, used 159176K [0x0000000705e00000, 0x0000000800000000)
  region size 2048K, 42 young (86016K), 3 survivors (6144K)
 Metaspace       used 55168K, committed 56832K, reserved 1114112K
  class space    used 7764K, committed 8576K, reserved 1048576K
}
Event: 25.885 GC heap after
{Heap after GC invocations=22 (full 0):
 garbage-first heap   total 169984K, used 65506K [0x0000000705e00000, 0x0000000800000000)
  region size 2048K, 4 young (8192K), 4 survivors (8192K)
 Metaspace       used 55168K, committed 56832K, reserved 1114112K
  class space    used 7764K, committed 8576K, reserved 1048576K
}
Event: 194.471 GC heap before
{Heap before GC invocations=22 (full 0):
 garbage-first heap   total 169984K, used 163810K [0x0000000705e00000, 0x0000000800000000)
  region size 2048K, 45 young (92160K), 4 survivors (8192K)
 Metaspace       used 55173K, committed 56832K, reserved 1114112K
  class space    used 7765K, committed 8576K, reserved 1048576K
}
Event: 194.481 GC heap after
{Heap after GC invocations=23 (full 0):
 garbage-first heap   total 178176K, used 63900K [0x0000000705e00000, 0x0000000800000000)
  region size 2048K, 4 young (8192K), 4 survivors (8192K)
 Metaspace       used 55173K, committed 56832K, reserved 1114112K
  class space    used 7765K, committed 8576K, reserved 1048576K
}
Event: 200.343 GC heap before
{Heap before GC invocations=23 (full 0):
 garbage-first heap   total 178176K, used 106908K [0x0000000705e00000, 0x0000000800000000)
  region size 2048K, 27 young (55296K), 4 survivors (8192K)
 Metaspace       used 55511K, committed 57152K, reserved 1114112K
  class space    used 7808K, committed 8576K, reserved 1048576K
}
Event: 200.350 GC heap after
{Heap after GC invocations=24 (full 0):
 garbage-first heap   total 178176K, used 63551K [0x0000000705e00000, 0x0000000800000000)
  region size 2048K, 4 young (8192K), 4 survivors (8192K)
 Metaspace       used 55511K, committed 57152K, reserved 1114112K
  class space    used 7808K, committed 8576K, reserved 1048576K
}
Event: 495.651 GC heap before
{Heap before GC invocations=25 (full 0):
 garbage-first heap   total 178176K, used 172095K [0x0000000705e00000, 0x0000000800000000)
  region size 2048K, 50 young (102400K), 4 survivors (8192K)
 Metaspace       used 53412K, committed 57152K, reserved 1114112K
  class space    used 7304K, committed 8576K, reserved 1048576K
}
Event: 495.658 GC heap after
{Heap after GC invocations=26 (full 0):
 garbage-first heap   total 182272K, used 63292K [0x0000000705e00000, 0x0000000800000000)
  region size 2048K, 3 young (6144K), 3 survivors (6144K)
 Metaspace       used 53412K, committed 57152K, reserved 1114112K
  class space    used 7304K, committed 8576K, reserved 1048576K
}

